<?xml version="1.0" encoding="UTF-8"?>
<!-- Generated by org.testng.reporters.JUnitReportReporter -->
<testsuite hostname="s1ec2r3-Battlestation" failures="0" tests="2" name="LoginTest" time="14.907" errors="0" timestamp="2023-07-19T12:02:20 BST" skipped="0">
  <testcase classname="LoginTest" name="logouttest" time="7.873"/>
  <testcase classname="LoginTest" name="logintest" time="7.034"/>
</testsuite> <!-- LoginTest -->
