<?xml version="1.0" encoding="UTF-8"?>
<!-- Generated by org.testng.reporters.JUnitReportReporter -->
<testsuite hostname="s1ec2r3-Battlestation" failures="0" tests="1" name="Main" time="0.007" errors="0" timestamp="2023-07-18T12:48:32 BST" skipped="0">
  <testcase classname="Main" name="loginTest" time="0.007"/>
</testsuite> <!-- Main -->
