<?xml version="1.0" encoding="UTF-8"?>
<!-- Generated by org.testng.reporters.JUnitReportReporter -->
<testsuite hostname="s1ec2r3-Battlestation" failures="0" tests="6" name="LinkTest" time="21.361" errors="0" timestamp="2023-07-19T09:58:00 BST" skipped="0">
  <testcase classname="LinkTest" name="siteurltest" time="3.607"/>
  <testcase classname="LinkTest" name="adminurltest" time="2.709"/>
  <testcase classname="LinkTest" name="contacturltest" time="4.619"/>
  <testcase classname="LinkTest" name="servicesurltest" time="3.152"/>
  <testcase classname="LinkTest" name="abouturltest" time="4.120"/>
  <testcase classname="LinkTest" name="homeurltest" time="3.154"/>
</testsuite> <!-- LinkTest -->
