<?xml version="1.0" encoding="UTF-8"?>
<!-- Generated by org.testng.reporters.JUnitReportReporter -->
<testsuite hostname="s1ec2r3-Battlestation" failures="0" tests="6" name="TitleTest" time="19.045" errors="0" timestamp="2023-07-19T09:58:00 BST" skipped="0">
  <testcase classname="TitleTest" name="servicestitletest" time="3.171"/>
  <testcase classname="TitleTest" name="hometitletest" time="3.503"/>
  <testcase classname="TitleTest" name="sitetitletest" time="2.097"/>
  <testcase classname="TitleTest" name="contacttitletest" time="3.410"/>
  <testcase classname="TitleTest" name="admintitletest" time="3.253"/>
  <testcase classname="TitleTest" name="abouttitletest" time="3.611"/>
</testsuite> <!-- TitleTest -->
